<?xml version="1.0" encoding="UTF-8"?>
<robot generator="Rebot 7.0.1 (Python 3.12.4 on win32)" generated="2024-08-08T23:38:19.939577" rpa="false" schemaversion="5">
<suite id="s1" name="Poject" source="C:\Users\admin\Poject">
<suite id="s1-s1" name="1 OpenBrowser" source="C:\Users\admin\Poject\1_OpenBrowser">
<suite id="s1-s1-s1" name="Openbrowser" source="C:\Users\admin\Poject\1_OpenBrowser\openbrowser.robot">
<test id="s1-s1-s1-t1" name="Open Facebook" line="8">
<kw name="Open">
<kw name="Wait Until Keyword Succeeds" owner="BuiltIn">
<kw name="Open">
<kw name="Wait Until Keyword Succeeds" owner="BuiltIn">
<kw name="Open">
<kw name="Wait Until Keyword Succeeds" owner="BuiltIn">
<kw name="Open">
<kw name="Wait Until Keyword Succeeds" owner="BuiltIn">
<kw name="Open">
<kw name="Wait Until Keyword Succeeds" owner="BuiltIn">
<kw name="Open">
<kw name="Wait Until Keyword Succeeds" owner="BuiltIn">
<kw name="Open">
<kw name="Wait Until Keyword Succeeds" owner="BuiltIn">
<kw name="Open">
<kw name="Wait Until Keyword Succeeds" owner="BuiltIn">
<kw name="Open">
<kw name="Wait Until Keyword Succeeds" owner="BuiltIn">
<kw name="Open">
<kw name="Wait Until Keyword Succeeds" owner="BuiltIn">
<kw name="Open">
<kw name="Wait Until Keyword Succeeds" owner="BuiltIn">
<kw name="Open">
<kw name="Wait Until Keyword Succeeds" owner="BuiltIn">
<kw name="Open">
<kw name="Wait Until Keyword Succeeds" owner="BuiltIn">
<kw name="Open">
<kw name="Wait Until Keyword Succeeds" owner="BuiltIn">
<kw name="Open">
<kw name="Wait Until Keyword Succeeds" owner="BuiltIn">
<kw name="Open">
<kw name="Wait Until Keyword Succeeds" owner="BuiltIn">
<kw name="Open">
<kw name="Wait Until Keyword Succeeds" owner="BuiltIn">
<kw name="Open">
<kw name="Wait Until Keyword Succeeds" owner="BuiltIn">
<kw name="Open">
<kw name="Wait Until Keyword Succeeds" owner="BuiltIn">
<kw name="Open">
<kw name="Wait Until Keyword Succeeds" owner="BuiltIn">
<kw name="Open">
<kw name="Wait Until Keyword Succeeds" owner="BuiltIn">
<kw name="Open">
<kw name="Wait Until Keyword Succeeds" owner="BuiltIn">
<kw name="Open">
<kw name="Wait Until Keyword Succeeds" owner="BuiltIn">
<kw name="Open">
<kw name="Wait Until Keyword Succeeds" owner="BuiltIn">
<kw name="Open">
<kw name="Wait Until Keyword Succeeds" owner="BuiltIn">
<kw name="Open">
<kw name="Wait Until Keyword Succeeds" owner="BuiltIn">
<kw name="Open">
<kw name="Wait Until Keyword Succeeds" owner="BuiltIn">
<kw name="Open">
<kw name="Wait Until Keyword Succeeds" owner="BuiltIn">
<kw name="Open">
<kw name="Wait Until Keyword Succeeds" owner="BuiltIn">
<kw name="Open">
<kw name="Wait Until Keyword Succeeds" owner="BuiltIn">
<kw name="Open">
<kw name="Wait Until Keyword Succeeds" owner="BuiltIn">
<kw name="Open">
<kw name="Wait Until Keyword Succeeds" owner="BuiltIn">
<kw name="Open">
<kw name="Wait Until Keyword Succeeds" owner="BuiltIn">
<kw name="Open">
<kw name="Wait Until Keyword Succeeds" owner="BuiltIn">
<kw name="Open">
<kw name="Wait Until Keyword Succeeds" owner="BuiltIn">
<kw name="Open">
<kw name="Wait Until Keyword Succeeds" owner="BuiltIn">
<kw name="Open">
<kw name="Wait Until Keyword Succeeds" owner="BuiltIn">
<kw name="Open">
<kw name="Wait Until Keyword Succeeds" owner="BuiltIn">
<kw name="Open">
<kw name="Wait Until Keyword Succeeds" owner="BuiltIn">
<kw name="Open">
<kw name="Wait Until Keyword Succeeds" owner="BuiltIn">
<kw name="Open">
<kw name="Wait Until Keyword Succeeds" owner="BuiltIn">
<kw name="Open">
<kw name="Wait Until Keyword Succeeds" owner="BuiltIn">
<kw name="Open">
<kw name="Wait Until Keyword Succeeds" owner="BuiltIn">
<kw name="Open">
<kw name="Wait Until Keyword Succeeds" owner="BuiltIn">
<kw name="Open">
<kw name="Wait Until Keyword Succeeds" owner="BuiltIn">
<kw name="Open">
<kw name="Wait Until Keyword Succeeds" owner="BuiltIn">
<kw name="Open">
<kw name="Wait Until Keyword Succeeds" owner="BuiltIn">
<kw name="Open">
<kw name="Wait Until Keyword Succeeds" owner="BuiltIn">
<kw name="Open">
<kw name="Wait Until Keyword Succeeds" owner="BuiltIn">
<kw name="Open">
<kw name="Wait Until Keyword Succeeds" owner="BuiltIn">
<msg time="2024-08-08T23:35:52.594531" level="FAIL">Maximum limit of started keywords and control structures exceeded.</msg>
<arg>3x</arg>
<arg>3s</arg>
<arg>Open</arg>
<doc>Runs the specified keyword and retries if it fails.</doc>
<status status="FAIL" start="2024-08-08T23:35:52.594531" elapsed="0.000000">Maximum limit of started keywords and control structures exceeded.</status>
</kw>
<msg time="2024-08-08T23:35:52.594531" level="FAIL">Maximum limit of started keywords and control structures exceeded.</msg>
<status status="FAIL" start="2024-08-08T23:35:52.594531" elapsed="0.000000">Maximum limit of started keywords and control structures exceeded.</status>
</kw>
<msg time="2024-08-08T23:35:55.595031" level="FAIL">Maximum limit of started keywords and control structures exceeded.</msg>
<arg>3x</arg>
<arg>3s</arg>
<arg>Open</arg>
<doc>Runs the specified keyword and retries if it fails.</doc>
<status status="FAIL" start="2024-08-08T23:35:52.594531" elapsed="3.000500">Maximum limit of started keywords and control structures exceeded.</status>
</kw>
<msg time="2024-08-08T23:35:55.595031" level="FAIL">Maximum limit of started keywords and control structures exceeded.</msg>
<status status="FAIL" start="2024-08-08T23:35:52.594531" elapsed="3.000500">Maximum limit of started keywords and control structures exceeded.</status>
</kw>
<msg time="2024-08-08T23:35:58.596291" level="FAIL">Maximum limit of started keywords and control structures exceeded.</msg>
<arg>3x</arg>
<arg>3s</arg>
<arg>Open</arg>
<doc>Runs the specified keyword and retries if it fails.</doc>
<status status="FAIL" start="2024-08-08T23:35:52.594531" elapsed="6.001760">Maximum limit of started keywords and control structures exceeded.</status>
</kw>
<msg time="2024-08-08T23:35:58.599279" level="FAIL">Maximum limit of started keywords and control structures exceeded.</msg>
<status status="FAIL" start="2024-08-08T23:35:52.594531" elapsed="6.004748">Maximum limit of started keywords and control structures exceeded.</status>
</kw>
<msg time="2024-08-08T23:36:01.600323" level="FAIL">Maximum limit of started keywords and control structures exceeded.</msg>
<arg>3x</arg>
<arg>3s</arg>
<arg>Open</arg>
<doc>Runs the specified keyword and retries if it fails.</doc>
<status status="FAIL" start="2024-08-08T23:35:52.594531" elapsed="9.005792">Maximum limit of started keywords and control structures exceeded.</status>
</kw>
<msg time="2024-08-08T23:36:01.601323" level="FAIL">Maximum limit of started keywords and control structures exceeded.</msg>
<status status="FAIL" start="2024-08-08T23:35:52.594531" elapsed="9.006792">Maximum limit of started keywords and control structures exceeded.</status>
</kw>
<msg time="2024-08-08T23:36:04.602097" level="FAIL">Maximum limit of started keywords and control structures exceeded.</msg>
<arg>3x</arg>
<arg>3s</arg>
<arg>Open</arg>
<doc>Runs the specified keyword and retries if it fails.</doc>
<status status="FAIL" start="2024-08-08T23:35:52.594531" elapsed="12.007566">Maximum limit of started keywords and control structures exceeded.</status>
</kw>
<msg time="2024-08-08T23:36:04.602097" level="FAIL">Maximum limit of started keywords and control structures exceeded.</msg>
<status status="FAIL" start="2024-08-08T23:35:52.594531" elapsed="12.007566">Maximum limit of started keywords and control structures exceeded.</status>
</kw>
<msg time="2024-08-08T23:36:07.602779" level="FAIL">Maximum limit of started keywords and control structures exceeded.</msg>
<arg>3x</arg>
<arg>3s</arg>
<arg>Open</arg>
<doc>Runs the specified keyword and retries if it fails.</doc>
<status status="FAIL" start="2024-08-08T23:35:52.594531" elapsed="15.008248">Maximum limit of started keywords and control structures exceeded.</status>
</kw>
<msg time="2024-08-08T23:36:07.602779" level="FAIL">Maximum limit of started keywords and control structures exceeded.</msg>
<status status="FAIL" start="2024-08-08T23:35:52.594531" elapsed="15.008248">Maximum limit of started keywords and control structures exceeded.</status>
</kw>
<msg time="2024-08-08T23:36:10.603364" level="FAIL">Maximum limit of started keywords and control structures exceeded.</msg>
<arg>3x</arg>
<arg>3s</arg>
<arg>Open</arg>
<doc>Runs the specified keyword and retries if it fails.</doc>
<status status="FAIL" start="2024-08-08T23:35:52.594531" elapsed="18.008833">Maximum limit of started keywords and control structures exceeded.</status>
</kw>
<msg time="2024-08-08T23:36:10.603364" level="FAIL">Maximum limit of started keywords and control structures exceeded.</msg>
<status status="FAIL" start="2024-08-08T23:35:52.594531" elapsed="18.008833">Maximum limit of started keywords and control structures exceeded.</status>
</kw>
<msg time="2024-08-08T23:36:13.603945" level="FAIL">Maximum limit of started keywords and control structures exceeded.</msg>
<arg>3x</arg>
<arg>3s</arg>
<arg>Open</arg>
<doc>Runs the specified keyword and retries if it fails.</doc>
<status status="FAIL" start="2024-08-08T23:35:52.594531" elapsed="21.009414">Maximum limit of started keywords and control structures exceeded.</status>
</kw>
<msg time="2024-08-08T23:36:13.603945" level="FAIL">Maximum limit of started keywords and control structures exceeded.</msg>
<status status="FAIL" start="2024-08-08T23:35:52.594531" elapsed="21.009414">Maximum limit of started keywords and control structures exceeded.</status>
</kw>
<msg time="2024-08-08T23:36:16.604434" level="FAIL">Maximum limit of started keywords and control structures exceeded.</msg>
<arg>3x</arg>
<arg>3s</arg>
<arg>Open</arg>
<doc>Runs the specified keyword and retries if it fails.</doc>
<status status="FAIL" start="2024-08-08T23:35:52.594531" elapsed="24.009903">Maximum limit of started keywords and control structures exceeded.</status>
</kw>
<msg time="2024-08-08T23:36:16.604434" level="FAIL">Maximum limit of started keywords and control structures exceeded.</msg>
<status status="FAIL" start="2024-08-08T23:35:52.594531" elapsed="24.009903">Maximum limit of started keywords and control structures exceeded.</status>
</kw>
<msg time="2024-08-08T23:36:19.605008" level="FAIL">Maximum limit of started keywords and control structures exceeded.</msg>
<arg>3x</arg>
<arg>3s</arg>
<arg>Open</arg>
<doc>Runs the specified keyword and retries if it fails.</doc>
<status status="FAIL" start="2024-08-08T23:35:52.594531" elapsed="27.011514">Maximum limit of started keywords and control structures exceeded.</status>
</kw>
<msg time="2024-08-08T23:36:19.607004" level="FAIL">Maximum limit of started keywords and control structures exceeded.</msg>
<status status="FAIL" start="2024-08-08T23:35:52.594531" elapsed="27.012473">Maximum limit of started keywords and control structures exceeded.</status>
</kw>
<msg time="2024-08-08T23:36:22.607355" level="FAIL">Maximum limit of started keywords and control structures exceeded.</msg>
<arg>3x</arg>
<arg>3s</arg>
<arg>Open</arg>
<doc>Runs the specified keyword and retries if it fails.</doc>
<status status="FAIL" start="2024-08-08T23:35:52.594531" elapsed="30.012824">Maximum limit of started keywords and control structures exceeded.</status>
</kw>
<msg time="2024-08-08T23:36:22.607355" level="FAIL">Maximum limit of started keywords and control structures exceeded.</msg>
<status status="FAIL" start="2024-08-08T23:35:52.594531" elapsed="30.012824">Maximum limit of started keywords and control structures exceeded.</status>
</kw>
<msg time="2024-08-08T23:36:25.607833" level="FAIL">Maximum limit of started keywords and control structures exceeded.</msg>
<arg>3x</arg>
<arg>3s</arg>
<arg>Open</arg>
<doc>Runs the specified keyword and retries if it fails.</doc>
<status status="FAIL" start="2024-08-08T23:35:52.594531" elapsed="33.013302">Maximum limit of started keywords and control structures exceeded.</status>
</kw>
<msg time="2024-08-08T23:36:25.607833" level="FAIL">Maximum limit of started keywords and control structures exceeded.</msg>
<status status="FAIL" start="2024-08-08T23:35:52.594531" elapsed="33.013302">Maximum limit of started keywords and control structures exceeded.</status>
</kw>
<msg time="2024-08-08T23:36:28.608311" level="FAIL">Maximum limit of started keywords and control structures exceeded.</msg>
<arg>3x</arg>
<arg>3s</arg>
<arg>Open</arg>
<doc>Runs the specified keyword and retries if it fails.</doc>
<status status="FAIL" start="2024-08-08T23:35:52.589023" elapsed="36.019288">Maximum limit of started keywords and control structures exceeded.</status>
</kw>
<msg time="2024-08-08T23:36:28.608311" level="FAIL">Maximum limit of started keywords and control structures exceeded.</msg>
<status status="FAIL" start="2024-08-08T23:35:52.589023" elapsed="36.019288">Maximum limit of started keywords and control structures exceeded.</status>
</kw>
<msg time="2024-08-08T23:36:31.608683" level="FAIL">Maximum limit of started keywords and control structures exceeded.</msg>
<arg>3x</arg>
<arg>3s</arg>
<arg>Open</arg>
<doc>Runs the specified keyword and retries if it fails.</doc>
<status status="FAIL" start="2024-08-08T23:35:52.589023" elapsed="39.019660">Maximum limit of started keywords and control structures exceeded.</status>
</kw>
<msg time="2024-08-08T23:36:31.608683" level="FAIL">Maximum limit of started keywords and control structures exceeded.</msg>
<status status="FAIL" start="2024-08-08T23:35:52.589023" elapsed="39.019660">Maximum limit of started keywords and control structures exceeded.</status>
</kw>
<msg time="2024-08-08T23:36:34.609303" level="FAIL">Maximum limit of started keywords and control structures exceeded.</msg>
<arg>3x</arg>
<arg>3s</arg>
<arg>Open</arg>
<doc>Runs the specified keyword and retries if it fails.</doc>
<status status="FAIL" start="2024-08-08T23:35:52.589023" elapsed="42.020280">Maximum limit of started keywords and control structures exceeded.</status>
</kw>
<msg time="2024-08-08T23:36:34.609303" level="FAIL">Maximum limit of started keywords and control structures exceeded.</msg>
<status status="FAIL" start="2024-08-08T23:35:52.589023" elapsed="42.020280">Maximum limit of started keywords and control structures exceeded.</status>
</kw>
<msg time="2024-08-08T23:36:37.609725" level="FAIL">Maximum limit of started keywords and control structures exceeded.</msg>
<arg>3x</arg>
<arg>3s</arg>
<arg>Open</arg>
<doc>Runs the specified keyword and retries if it fails.</doc>
<status status="FAIL" start="2024-08-08T23:35:52.589023" elapsed="45.020702">Maximum limit of started keywords and control structures exceeded.</status>
</kw>
<msg time="2024-08-08T23:36:37.609725" level="FAIL">Maximum limit of started keywords and control structures exceeded.</msg>
<status status="FAIL" start="2024-08-08T23:35:52.589023" elapsed="45.020702">Maximum limit of started keywords and control structures exceeded.</status>
</kw>
<msg time="2024-08-08T23:36:40.610347" level="FAIL">Maximum limit of started keywords and control structures exceeded.</msg>
<arg>3x</arg>
<arg>3s</arg>
<arg>Open</arg>
<doc>Runs the specified keyword and retries if it fails.</doc>
<status status="FAIL" start="2024-08-08T23:35:52.589023" elapsed="48.021324">Maximum limit of started keywords and control structures exceeded.</status>
</kw>
<msg time="2024-08-08T23:36:40.610347" level="FAIL">Maximum limit of started keywords and control structures exceeded.</msg>
<status status="FAIL" start="2024-08-08T23:35:52.589023" elapsed="48.021324">Maximum limit of started keywords and control structures exceeded.</status>
</kw>
<msg time="2024-08-08T23:36:43.610929" level="FAIL">Maximum limit of started keywords and control structures exceeded.</msg>
<arg>3x</arg>
<arg>3s</arg>
<arg>Open</arg>
<doc>Runs the specified keyword and retries if it fails.</doc>
<status status="FAIL" start="2024-08-08T23:35:52.589023" elapsed="51.021906">Maximum limit of started keywords and control structures exceeded.</status>
</kw>
<msg time="2024-08-08T23:36:43.610929" level="FAIL">Maximum limit of started keywords and control structures exceeded.</msg>
<status status="FAIL" start="2024-08-08T23:35:52.589023" elapsed="51.021906">Maximum limit of started keywords and control structures exceeded.</status>
</kw>
<msg time="2024-08-08T23:36:46.611823" level="FAIL">Maximum limit of started keywords and control structures exceeded.</msg>
<arg>3x</arg>
<arg>3s</arg>
<arg>Open</arg>
<doc>Runs the specified keyword and retries if it fails.</doc>
<status status="FAIL" start="2024-08-08T23:35:52.589023" elapsed="54.022800">Maximum limit of started keywords and control structures exceeded.</status>
</kw>
<msg time="2024-08-08T23:36:46.611823" level="FAIL">Maximum limit of started keywords and control structures exceeded.</msg>
<status status="FAIL" start="2024-08-08T23:35:52.580510" elapsed="54.031313">Maximum limit of started keywords and control structures exceeded.</status>
</kw>
<msg time="2024-08-08T23:36:49.612313" level="FAIL">Maximum limit of started keywords and control structures exceeded.</msg>
<arg>3x</arg>
<arg>3s</arg>
<arg>Open</arg>
<doc>Runs the specified keyword and retries if it fails.</doc>
<status status="FAIL" start="2024-08-08T23:35:52.580510" elapsed="57.031803">Maximum limit of started keywords and control structures exceeded.</status>
</kw>
<msg time="2024-08-08T23:36:49.612313" level="FAIL">Maximum limit of started keywords and control structures exceeded.</msg>
<status status="FAIL" start="2024-08-08T23:35:52.580510" elapsed="57.031803">Maximum limit of started keywords and control structures exceeded.</status>
</kw>
<msg time="2024-08-08T23:36:52.612533" level="FAIL">Maximum limit of started keywords and control structures exceeded.</msg>
<arg>3x</arg>
<arg>3s</arg>
<arg>Open</arg>
<doc>Runs the specified keyword and retries if it fails.</doc>
<status status="FAIL" start="2024-08-08T23:35:52.580510" elapsed="60.032023">Maximum limit of started keywords and control structures exceeded.</status>
</kw>
<msg time="2024-08-08T23:36:52.612533" level="FAIL">Maximum limit of started keywords and control structures exceeded.</msg>
<status status="FAIL" start="2024-08-08T23:35:52.580510" elapsed="60.032023">Maximum limit of started keywords and control structures exceeded.</status>
</kw>
<msg time="2024-08-08T23:36:55.613174" level="FAIL">Maximum limit of started keywords and control structures exceeded.</msg>
<arg>3x</arg>
<arg>3s</arg>
<arg>Open</arg>
<doc>Runs the specified keyword and retries if it fails.</doc>
<status status="FAIL" start="2024-08-08T23:35:52.580510" elapsed="63.032664">Maximum limit of started keywords and control structures exceeded.</status>
</kw>
<msg time="2024-08-08T23:36:55.613174" level="FAIL">Maximum limit of started keywords and control structures exceeded.</msg>
<status status="FAIL" start="2024-08-08T23:35:52.580510" elapsed="63.034678">Maximum limit of started keywords and control structures exceeded.</status>
</kw>
<msg time="2024-08-08T23:36:58.615792" level="FAIL">Maximum limit of started keywords and control structures exceeded.</msg>
<arg>3x</arg>
<arg>3s</arg>
<arg>Open</arg>
<doc>Runs the specified keyword and retries if it fails.</doc>
<status status="FAIL" start="2024-08-08T23:35:52.580510" elapsed="66.035282">Maximum limit of started keywords and control structures exceeded.</status>
</kw>
<msg time="2024-08-08T23:36:58.615792" level="FAIL">Maximum limit of started keywords and control structures exceeded.</msg>
<status status="FAIL" start="2024-08-08T23:35:52.580510" elapsed="66.035282">Maximum limit of started keywords and control structures exceeded.</status>
</kw>
<msg time="2024-08-08T23:37:01.616396" level="FAIL">Maximum limit of started keywords and control structures exceeded.</msg>
<arg>3x</arg>
<arg>3s</arg>
<arg>Open</arg>
<doc>Runs the specified keyword and retries if it fails.</doc>
<status status="FAIL" start="2024-08-08T23:35:52.580510" elapsed="69.035886">Maximum limit of started keywords and control structures exceeded.</status>
</kw>
<msg time="2024-08-08T23:37:01.616396" level="FAIL">Maximum limit of started keywords and control structures exceeded.</msg>
<status status="FAIL" start="2024-08-08T23:35:52.580510" elapsed="69.035886">Maximum limit of started keywords and control structures exceeded.</status>
</kw>
<msg time="2024-08-08T23:37:04.616906" level="FAIL">Maximum limit of started keywords and control structures exceeded.</msg>
<arg>3x</arg>
<arg>3s</arg>
<arg>Open</arg>
<doc>Runs the specified keyword and retries if it fails.</doc>
<status status="FAIL" start="2024-08-08T23:35:52.580510" elapsed="72.036396">Maximum limit of started keywords and control structures exceeded.</status>
</kw>
<msg time="2024-08-08T23:37:04.616906" level="FAIL">Maximum limit of started keywords and control structures exceeded.</msg>
<status status="FAIL" start="2024-08-08T23:35:52.580510" elapsed="72.036396">Maximum limit of started keywords and control structures exceeded.</status>
</kw>
<msg time="2024-08-08T23:37:07.617577" level="FAIL">Maximum limit of started keywords and control structures exceeded.</msg>
<arg>3x</arg>
<arg>3s</arg>
<arg>Open</arg>
<doc>Runs the specified keyword and retries if it fails.</doc>
<status status="FAIL" start="2024-08-08T23:35:52.580510" elapsed="75.037067">Maximum limit of started keywords and control structures exceeded.</status>
</kw>
<msg time="2024-08-08T23:37:07.617577" level="FAIL">Maximum limit of started keywords and control structures exceeded.</msg>
<status status="FAIL" start="2024-08-08T23:35:52.580510" elapsed="75.037067">Maximum limit of started keywords and control structures exceeded.</status>
</kw>
<msg time="2024-08-08T23:37:10.618027" level="FAIL">Maximum limit of started keywords and control structures exceeded.</msg>
<arg>3x</arg>
<arg>3s</arg>
<arg>Open</arg>
<doc>Runs the specified keyword and retries if it fails.</doc>
<status status="FAIL" start="2024-08-08T23:35:52.580510" elapsed="78.037517">Maximum limit of started keywords and control structures exceeded.</status>
</kw>
<msg time="2024-08-08T23:37:10.618027" level="FAIL">Maximum limit of started keywords and control structures exceeded.</msg>
<status status="FAIL" start="2024-08-08T23:35:52.580510" elapsed="78.037517">Maximum limit of started keywords and control structures exceeded.</status>
</kw>
<msg time="2024-08-08T23:37:13.618428" level="FAIL">Maximum limit of started keywords and control structures exceeded.</msg>
<arg>3x</arg>
<arg>3s</arg>
<arg>Open</arg>
<doc>Runs the specified keyword and retries if it fails.</doc>
<status status="FAIL" start="2024-08-08T23:35:52.580510" elapsed="81.037918">Maximum limit of started keywords and control structures exceeded.</status>
</kw>
<msg time="2024-08-08T23:37:13.618428" level="FAIL">Maximum limit of started keywords and control structures exceeded.</msg>
<status status="FAIL" start="2024-08-08T23:35:52.580510" elapsed="81.037918">Maximum limit of started keywords and control structures exceeded.</status>
</kw>
<msg time="2024-08-08T23:37:16.619150" level="FAIL">Maximum limit of started keywords and control structures exceeded.</msg>
<arg>3x</arg>
<arg>3s</arg>
<arg>Open</arg>
<doc>Runs the specified keyword and retries if it fails.</doc>
<status status="FAIL" start="2024-08-08T23:35:52.580510" elapsed="84.038640">Maximum limit of started keywords and control structures exceeded.</status>
</kw>
<msg time="2024-08-08T23:37:16.619150" level="FAIL">Maximum limit of started keywords and control structures exceeded.</msg>
<status status="FAIL" start="2024-08-08T23:35:52.580510" elapsed="84.038640">Maximum limit of started keywords and control structures exceeded.</status>
</kw>
<msg time="2024-08-08T23:37:19.619269" level="FAIL">Maximum limit of started keywords and control structures exceeded.</msg>
<arg>3x</arg>
<arg>3s</arg>
<arg>Open</arg>
<doc>Runs the specified keyword and retries if it fails.</doc>
<status status="FAIL" start="2024-08-08T23:35:52.580510" elapsed="87.038759">Maximum limit of started keywords and control structures exceeded.</status>
</kw>
<msg time="2024-08-08T23:37:19.619269" level="FAIL">Maximum limit of started keywords and control structures exceeded.</msg>
<status status="FAIL" start="2024-08-08T23:35:52.573001" elapsed="87.046268">Maximum limit of started keywords and control structures exceeded.</status>
</kw>
<msg time="2024-08-08T23:37:22.619469" level="FAIL">Maximum limit of started keywords and control structures exceeded.</msg>
<arg>3x</arg>
<arg>3s</arg>
<arg>Open</arg>
<doc>Runs the specified keyword and retries if it fails.</doc>
<status status="FAIL" start="2024-08-08T23:35:52.573001" elapsed="90.046468">Maximum limit of started keywords and control structures exceeded.</status>
</kw>
<msg time="2024-08-08T23:37:22.619469" level="FAIL">Maximum limit of started keywords and control structures exceeded.</msg>
<status status="FAIL" start="2024-08-08T23:35:52.573001" elapsed="90.046468">Maximum limit of started keywords and control structures exceeded.</status>
</kw>
<msg time="2024-08-08T23:37:25.620160" level="FAIL">Maximum limit of started keywords and control structures exceeded.</msg>
<arg>3x</arg>
<arg>3s</arg>
<arg>Open</arg>
<doc>Runs the specified keyword and retries if it fails.</doc>
<status status="FAIL" start="2024-08-08T23:35:52.573001" elapsed="93.047159">Maximum limit of started keywords and control structures exceeded.</status>
</kw>
<msg time="2024-08-08T23:37:25.620160" level="FAIL">Maximum limit of started keywords and control structures exceeded.</msg>
<status status="FAIL" start="2024-08-08T23:35:52.573001" elapsed="93.047159">Maximum limit of started keywords and control structures exceeded.</status>
</kw>
<msg time="2024-08-08T23:37:28.620711" level="FAIL">Maximum limit of started keywords and control structures exceeded.</msg>
<arg>3x</arg>
<arg>3s</arg>
<arg>Open</arg>
<doc>Runs the specified keyword and retries if it fails.</doc>
<status status="FAIL" start="2024-08-08T23:35:52.573001" elapsed="96.047710">Maximum limit of started keywords and control structures exceeded.</status>
</kw>
<msg time="2024-08-08T23:37:28.620711" level="FAIL">Maximum limit of started keywords and control structures exceeded.</msg>
<status status="FAIL" start="2024-08-08T23:35:52.573001" elapsed="96.047710">Maximum limit of started keywords and control structures exceeded.</status>
</kw>
<msg time="2024-08-08T23:37:31.620987" level="FAIL">Maximum limit of started keywords and control structures exceeded.</msg>
<arg>3x</arg>
<arg>3s</arg>
<arg>Open</arg>
<doc>Runs the specified keyword and retries if it fails.</doc>
<status status="FAIL" start="2024-08-08T23:35:52.573001" elapsed="99.048994">Maximum limit of started keywords and control structures exceeded.</status>
</kw>
<msg time="2024-08-08T23:37:31.622992" level="FAIL">Maximum limit of started keywords and control structures exceeded.</msg>
<status status="FAIL" start="2024-08-08T23:35:52.573001" elapsed="99.049991">Maximum limit of started keywords and control structures exceeded.</status>
</kw>
<msg time="2024-08-08T23:37:34.624318" level="FAIL">Maximum limit of started keywords and control structures exceeded.</msg>
<arg>3x</arg>
<arg>3s</arg>
<arg>Open</arg>
<doc>Runs the specified keyword and retries if it fails.</doc>
<status status="FAIL" start="2024-08-08T23:35:52.573001" elapsed="102.051317">Maximum limit of started keywords and control structures exceeded.</status>
</kw>
<msg time="2024-08-08T23:37:34.624318" level="FAIL">Maximum limit of started keywords and control structures exceeded.</msg>
<status status="FAIL" start="2024-08-08T23:35:52.573001" elapsed="102.051317">Maximum limit of started keywords and control structures exceeded.</status>
</kw>
<msg time="2024-08-08T23:37:37.630298" level="FAIL">Maximum limit of started keywords and control structures exceeded.</msg>
<arg>3x</arg>
<arg>3s</arg>
<arg>Open</arg>
<doc>Runs the specified keyword and retries if it fails.</doc>
<status status="FAIL" start="2024-08-08T23:35:52.573001" elapsed="105.058295">Maximum limit of started keywords and control structures exceeded.</status>
</kw>
<msg time="2024-08-08T23:37:37.631296" level="FAIL">Maximum limit of started keywords and control structures exceeded.</msg>
<status status="FAIL" start="2024-08-08T23:35:52.573001" elapsed="105.058295">Maximum limit of started keywords and control structures exceeded.</status>
</kw>
<msg time="2024-08-08T23:37:40.631453" level="FAIL">Maximum limit of started keywords and control structures exceeded.</msg>
<arg>3x</arg>
<arg>3s</arg>
<arg>Open</arg>
<doc>Runs the specified keyword and retries if it fails.</doc>
<status status="FAIL" start="2024-08-08T23:35:52.573001" elapsed="108.058452">Maximum limit of started keywords and control structures exceeded.</status>
</kw>
<msg time="2024-08-08T23:37:40.631453" level="FAIL">Maximum limit of started keywords and control structures exceeded.</msg>
<status status="FAIL" start="2024-08-08T23:35:52.573001" elapsed="108.058452">Maximum limit of started keywords and control structures exceeded.</status>
</kw>
<msg time="2024-08-08T23:37:43.631793" level="FAIL">Maximum limit of started keywords and control structures exceeded.</msg>
<arg>3x</arg>
<arg>3s</arg>
<arg>Open</arg>
<doc>Runs the specified keyword and retries if it fails.</doc>
<status status="FAIL" start="2024-08-08T23:35:52.573001" elapsed="111.059803">Maximum limit of started keywords and control structures exceeded.</status>
</kw>
<msg time="2024-08-08T23:37:43.632804" level="FAIL">Maximum limit of started keywords and control structures exceeded.</msg>
<status status="FAIL" start="2024-08-08T23:35:52.573001" elapsed="111.060798">Maximum limit of started keywords and control structures exceeded.</status>
</kw>
<msg time="2024-08-08T23:37:46.634525" level="FAIL">Maximum limit of started keywords and control structures exceeded.</msg>
<arg>3x</arg>
<arg>3s</arg>
<arg>Open</arg>
<doc>Runs the specified keyword and retries if it fails.</doc>
<status status="FAIL" start="2024-08-08T23:35:52.573001" elapsed="114.061524">Maximum limit of started keywords and control structures exceeded.</status>
</kw>
<msg time="2024-08-08T23:37:46.634525" level="FAIL">Maximum limit of started keywords and control structures exceeded.</msg>
<status status="FAIL" start="2024-08-08T23:35:52.573001" elapsed="114.061524">Maximum limit of started keywords and control structures exceeded.</status>
</kw>
<msg time="2024-08-08T23:37:49.635098" level="FAIL">Maximum limit of started keywords and control structures exceeded.</msg>
<arg>3x</arg>
<arg>3s</arg>
<arg>Open</arg>
<doc>Runs the specified keyword and retries if it fails.</doc>
<status status="FAIL" start="2024-08-08T23:35:52.573001" elapsed="117.062097">Maximum limit of started keywords and control structures exceeded.</status>
</kw>
<msg time="2024-08-08T23:37:49.635098" level="FAIL">Maximum limit of started keywords and control structures exceeded.</msg>
<status status="FAIL" start="2024-08-08T23:35:52.573001" elapsed="117.062097">Maximum limit of started keywords and control structures exceeded.</status>
</kw>
<msg time="2024-08-08T23:37:52.635674" level="FAIL">Maximum limit of started keywords and control structures exceeded.</msg>
<arg>3x</arg>
<arg>3s</arg>
<arg>Open</arg>
<doc>Runs the specified keyword and retries if it fails.</doc>
<status status="FAIL" start="2024-08-08T23:35:52.573001" elapsed="120.062673">Maximum limit of started keywords and control structures exceeded.</status>
</kw>
<msg time="2024-08-08T23:37:52.635674" level="FAIL">Maximum limit of started keywords and control structures exceeded.</msg>
<status status="FAIL" start="2024-08-08T23:35:52.573001" elapsed="120.062673">Maximum limit of started keywords and control structures exceeded.</status>
</kw>
<msg time="2024-08-08T23:37:55.636178" level="FAIL">Maximum limit of started keywords and control structures exceeded.</msg>
<arg>3x</arg>
<arg>3s</arg>
<arg>Open</arg>
<doc>Runs the specified keyword and retries if it fails.</doc>
<status status="FAIL" start="2024-08-08T23:35:52.573001" elapsed="123.063177">Maximum limit of started keywords and control structures exceeded.</status>
</kw>
<msg time="2024-08-08T23:37:55.636178" level="FAIL">Maximum limit of started keywords and control structures exceeded.</msg>
<status status="FAIL" start="2024-08-08T23:35:52.566486" elapsed="123.069692">Maximum limit of started keywords and control structures exceeded.</status>
</kw>
<msg time="2024-08-08T23:37:58.636403" level="FAIL">Maximum limit of started keywords and control structures exceeded.</msg>
<arg>3x</arg>
<arg>3s</arg>
<arg>Open</arg>
<doc>Runs the specified keyword and retries if it fails.</doc>
<status status="FAIL" start="2024-08-08T23:35:52.566486" elapsed="126.069917">Maximum limit of started keywords and control structures exceeded.</status>
</kw>
<msg time="2024-08-08T23:37:58.636403" level="FAIL">Maximum limit of started keywords and control structures exceeded.</msg>
<status status="FAIL" start="2024-08-08T23:35:52.566486" elapsed="126.069917">Maximum limit of started keywords and control structures exceeded.</status>
</kw>
<msg time="2024-08-08T23:38:01.636970" level="FAIL">Maximum limit of started keywords and control structures exceeded.</msg>
<arg>3x</arg>
<arg>3s</arg>
<arg>Open</arg>
<doc>Runs the specified keyword and retries if it fails.</doc>
<status status="FAIL" start="2024-08-08T23:35:52.566486" elapsed="129.070484">Maximum limit of started keywords and control structures exceeded.</status>
</kw>
<msg time="2024-08-08T23:38:01.636970" level="FAIL">Maximum limit of started keywords and control structures exceeded.</msg>
<status status="FAIL" start="2024-08-08T23:35:52.566486" elapsed="129.070484">Maximum limit of started keywords and control structures exceeded.</status>
</kw>
<msg time="2024-08-08T23:38:04.637501" level="FAIL">Maximum limit of started keywords and control structures exceeded.</msg>
<arg>3x</arg>
<arg>3s</arg>
<arg>Open</arg>
<doc>Runs the specified keyword and retries if it fails.</doc>
<status status="FAIL" start="2024-08-08T23:35:52.566486" elapsed="132.071015">Maximum limit of started keywords and control structures exceeded.</status>
</kw>
<msg time="2024-08-08T23:38:04.637501" level="FAIL">Maximum limit of started keywords and control structures exceeded.</msg>
<status status="FAIL" start="2024-08-08T23:35:52.566486" elapsed="132.071015">Maximum limit of started keywords and control structures exceeded.</status>
</kw>
<msg time="2024-08-08T23:38:07.637853" level="FAIL">Maximum limit of started keywords and control structures exceeded.</msg>
<arg>3x</arg>
<arg>3s</arg>
<arg>Open</arg>
<doc>Runs the specified keyword and retries if it fails.</doc>
<status status="FAIL" start="2024-08-08T23:35:52.566486" elapsed="135.071367">Maximum limit of started keywords and control structures exceeded.</status>
</kw>
<msg time="2024-08-08T23:38:07.640865" level="FAIL">Maximum limit of started keywords and control structures exceeded.</msg>
<status status="FAIL" start="2024-08-08T23:35:52.566486" elapsed="135.074379">Maximum limit of started keywords and control structures exceeded.</status>
</kw>
<msg time="2024-08-08T23:38:10.641412" level="FAIL">Maximum limit of started keywords and control structures exceeded.</msg>
<arg>3x</arg>
<arg>3s</arg>
<arg>Open</arg>
<doc>Runs the specified keyword and retries if it fails.</doc>
<status status="FAIL" start="2024-08-08T23:35:52.566486" elapsed="138.074926">Maximum limit of started keywords and control structures exceeded.</status>
</kw>
<msg time="2024-08-08T23:38:10.641412" level="FAIL">Maximum limit of started keywords and control structures exceeded.</msg>
<status status="FAIL" start="2024-08-08T23:35:52.566486" elapsed="138.074926">Maximum limit of started keywords and control structures exceeded.</status>
</kw>
<msg time="2024-08-08T23:38:13.641864" level="FAIL">Maximum limit of started keywords and control structures exceeded.</msg>
<arg>3x</arg>
<arg>3s</arg>
<arg>Open</arg>
<doc>Runs the specified keyword and retries if it fails.</doc>
<status status="FAIL" start="2024-08-08T23:35:52.566486" elapsed="141.075378">Maximum limit of started keywords and control structures exceeded.</status>
</kw>
<msg time="2024-08-08T23:38:13.641864" level="FAIL">Maximum limit of started keywords and control structures exceeded.</msg>
<status status="FAIL" start="2024-08-08T23:35:52.566486" elapsed="141.075378">Maximum limit of started keywords and control structures exceeded.</status>
</kw>
<msg time="2024-08-08T23:38:16.642210" level="FAIL">Maximum limit of started keywords and control structures exceeded.</msg>
<arg>3x</arg>
<arg>3s</arg>
<arg>Open</arg>
<doc>Runs the specified keyword and retries if it fails.</doc>
<status status="FAIL" start="2024-08-08T23:35:52.566486" elapsed="144.075724">Maximum limit of started keywords and control structures exceeded.</status>
</kw>
<msg time="2024-08-08T23:38:16.642210" level="FAIL">Maximum limit of started keywords and control structures exceeded.</msg>
<status status="FAIL" start="2024-08-08T23:35:52.566486" elapsed="144.075724">Maximum limit of started keywords and control structures exceeded.</status>
</kw>
<msg time="2024-08-08T23:38:19.642322" level="FAIL">Maximum limit of started keywords and control structures exceeded.</msg>
<arg>3x</arg>
<arg>3s</arg>
<arg>Open</arg>
<doc>Runs the specified keyword and retries if it fails.</doc>
<status status="FAIL" start="2024-08-08T23:35:52.566486" elapsed="147.075836">Maximum limit of started keywords and control structures exceeded.</status>
</kw>
<msg time="2024-08-08T23:38:19.642322" level="FAIL">Maximum limit of started keywords and control structures exceeded.</msg>
<status status="FAIL" start="2024-08-08T23:35:52.556977" elapsed="147.085345">Maximum limit of started keywords and control structures exceeded.</status>
</kw>
<status status="FAIL" start="2024-08-08T23:35:52.556977" elapsed="147.085345">Maximum limit of started keywords and control structures exceeded.</status>
</test>
<status status="FAIL" start="2024-08-08T23:35:51.778000" elapsed="147.877514"/>
</suite>
<status status="FAIL" start="2024-08-08T23:35:51.778000" elapsed="147.877514"/>
</suite>
<suite id="s1-s2" name="2 HandleWindow" source="C:\Users\admin\Poject\2_HandleWindow">
<suite id="s1-s2-s1" name="HandleWindow" source="C:\Users\admin\Poject\2_HandleWindow\HandleWindow.robot">
<test id="s1-s2-s1-t1" name="Handle window" line="8">
<kw name="New Browser" owner="Browser">
<msg time="2024-08-08T23:35:52.525731" level="INFO">{"browser": "chromium", "headless": false, "chromiumSandbox": false, "devtools": false, "handleSIGHUP": true, "handleSIGINT": true, "handleSIGTERM": true, "slowMo": 0.0, "timeout": 30000.0, "tracesDir": "C:\\Users\\admin\\Poject\\4_HandleAlerts\\pabot_results\\1\\browser\\traces\\38950608-03a3-4958-bd2f-cfcc4f652e4f"}</msg>
<msg time="2024-08-08T23:35:52.940423" level="INFO">Successfully created browser with options: {"browser":"chromium","headless":false,"chromiumSandbox":false,"devtools":false,"handleSIGHUP":true,"handleSIGINT":true,"handleSIGTERM":true,"slowMo":0,"timeout":30000,"tracesDir":"C:\\Users\\admin\\Poject\\4_HandleAlerts\\pabot_results\\1\\browser\\traces\\38950608-03a3-4958-bd2f-cfcc4f652e4f"}</msg>
<arg>headless=False</arg>
<tag>BrowserControl</tag>
<tag>Setter</tag>
<doc>Create a new playwright Browser with specified options.</doc>
<status status="PASS" start="2024-08-08T23:35:52.525731" elapsed="0.414692"/>
</kw>
<kw name="Set Browser Timeout" owner="Browser">
<msg time="2024-08-08T23:35:52.940423" level="INFO">No context open.</msg>
<arg>20s</arg>
<tag>Config</tag>
<tag>Setter</tag>
<doc>Sets the timeout used by most input and getter keywords.</doc>
<status status="PASS" start="2024-08-08T23:35:52.940423" elapsed="0.000000"/>
</kw>
<kw name="New Page" owner="Browser">
<msg time="2024-08-08T23:36:02.575200" level="INFO">Successfully initialized new page object and opened url: https://demoqa.com/browser-windows</msg>
<msg time="2024-08-08T23:36:02.575200" level="INFO">No context was open. New context was automatically opened when this page is created.</msg>
<arg>${URL}</arg>
<tag>BrowserControl</tag>
<tag>Setter</tag>
<doc>Open a new Page.</doc>
<status status="PASS" start="2024-08-08T23:35:52.940423" elapsed="9.634777"/>
</kw>
<kw name="Click" owner="Browser">
<msg time="2024-08-08T23:36:02.577202" level="INFO">Clicks the element '//button[.='New Tab']'.</msg>
<arg>//button[.='New Tab']</arg>
<tag>PageContent</tag>
<tag>Setter</tag>
<doc>Simulates mouse click on the element found by ``selector``.</doc>
<status status="PASS" start="2024-08-08T23:36:02.576204" elapsed="0.125612"/>
</kw>
<kw name="Log" owner="BuiltIn">
<msg time="2024-08-08T23:36:02.702813" level="INFO">clicked on new tab</msg>
<arg>clicked on new tab</arg>
<doc>Logs the given message with the given level.</doc>
<status status="PASS" start="2024-08-08T23:36:02.702813" elapsed="0.000000"/>
</kw>
<kw name="Sleep" owner="BuiltIn">
<msg time="2024-08-08T23:36:05.703318" level="INFO">Slept 3 seconds.</msg>
<arg>3s</arg>
<doc>Pauses the test executed for the given time.</doc>
<status status="PASS" start="2024-08-08T23:36:02.702813" elapsed="3.000505"/>
</kw>
<kw name="Get Page Ids" owner="Browser">
<msg time="2024-08-08T23:36:05.712508" level="INFO">${pages} = ['page=cf60e7a4-0b4a-42a0-99d6-435ea02e37ea', 'page=33018a78-c5ef-4c8c-9ff3-34b084fa46bf']</msg>
<var>${pages}</var>
<tag>BrowserControl</tag>
<tag>Getter</tag>
<doc>Returns a list of page ids based on the context and browser selection.
See `Browser, Context and Page` for more information about Page and related concepts.</doc>
<status status="PASS" start="2024-08-08T23:36:05.703318" elapsed="0.009190"/>
</kw>
<kw name="Log" owner="BuiltIn">
<msg time="2024-08-08T23:36:05.712508" level="INFO">['page=cf60e7a4-0b4a-42a0-99d6-435ea02e37ea', 'page=33018a78-c5ef-4c8c-9ff3-34b084fa46bf']</msg>
<arg>${pages}</arg>
<doc>Logs the given message with the given level.</doc>
<status status="PASS" start="2024-08-08T23:36:05.712508" elapsed="0.000000"/>
</kw>
<kw name="Switch Page" owner="Browser">
<msg time="2024-08-08T23:36:05.712508" level="INFO">Switching to page page=cf60e7a4-0b4a-42a0-99d6-435ea02e37ea,context CURRENT, browser CURRENT</msg>
<msg time="2024-08-08T23:36:05.722944" level="INFO">Successfully changed active page: page=cf60e7a4-0b4a-42a0-99d6-435ea02e37ea</msg>
<arg>${pages}[0]</arg>
<tag>BrowserControl</tag>
<tag>Setter</tag>
<doc>Switches the active browser page to another open page by ``id`` or ``NEW``.</doc>
<status status="PASS" start="2024-08-08T23:36:05.712508" elapsed="0.010436"/>
</kw>
<kw name="Get Text" owner="Browser">
<msg time="2024-08-08T23:36:05.755927" level="INFO">Text: 'This is a sample page'</msg>
<msg time="2024-08-08T23:36:05.755927" level="INFO">${text} = This is a sample page</msg>
<var>${text}</var>
<arg>//h1</arg>
<tag>Assertion</tag>
<tag>Getter</tag>
<tag>PageContent</tag>
<doc>Returns text attribute of the element found by ``selector``.</doc>
<status status="PASS" start="2024-08-08T23:36:05.722944" elapsed="0.032983"/>
</kw>
<kw name="Log" owner="BuiltIn">
<msg time="2024-08-08T23:36:05.755927" level="INFO">This is a sample page</msg>
<arg>${text}</arg>
<doc>Logs the given message with the given level.</doc>
<status status="PASS" start="2024-08-08T23:36:05.755927" elapsed="0.000000"/>
</kw>
<status status="PASS" start="2024-08-08T23:35:52.525731" elapsed="13.230196"/>
</test>
<status status="PASS" start="2024-08-08T23:35:51.762275" elapsed="14.107863"/>
</suite>
<status status="PASS" start="2024-08-08T23:35:51.762275" elapsed="14.113876"/>
</suite>
<suite id="s1-s3" name="3 HandleFrame" source="C:\Users\admin\Poject\3_HandleFrame">
<suite id="s1-s3-s1" name="HandleFrame" source="C:\Users\admin\Poject\3_HandleFrame\HandleFrame.robot">
<test id="s1-s3-s1-t1" name="HandleFrame" line="8">
<kw name="New Browser" owner="Browser">
<msg time="2024-08-08T23:35:52.566486" level="INFO">{"browser": "chromium", "headless": false, "chromiumSandbox": false, "devtools": false, "handleSIGHUP": true, "handleSIGINT": true, "handleSIGTERM": true, "slowMo": 0.0, "timeout": 30000.0, "tracesDir": "C:\\Users\\admin\\Poject\\4_HandleAlerts\\pabot_results\\2\\browser\\traces\\d597446d-9e96-4d29-ba15-4972d1c50316"}</msg>
<msg time="2024-08-08T23:35:52.879740" level="INFO">Successfully created browser with options: {"browser":"chromium","headless":false,"chromiumSandbox":false,"devtools":false,"handleSIGHUP":true,"handleSIGINT":true,"handleSIGTERM":true,"slowMo":0,"timeout":30000,"tracesDir":"C:\\Users\\admin\\Poject\\4_HandleAlerts\\pabot_results\\2\\browser\\traces\\d597446d-9e96-4d29-ba15-4972d1c50316"}</msg>
<arg>headless=False</arg>
<tag>BrowserControl</tag>
<tag>Setter</tag>
<doc>Create a new playwright Browser with specified options.</doc>
<status status="PASS" start="2024-08-08T23:35:52.556977" elapsed="0.322763"/>
</kw>
<kw name="Set Browser Timeout" owner="Browser">
<msg time="2024-08-08T23:35:52.891753" level="INFO">No context open.</msg>
<arg>20s</arg>
<tag>Config</tag>
<tag>Setter</tag>
<doc>Sets the timeout used by most input and getter keywords.</doc>
<status status="PASS" start="2024-08-08T23:35:52.879740" elapsed="0.012013"/>
</kw>
<kw name="New Page" owner="Browser">
<msg time="2024-08-08T23:36:04.317049" level="INFO">Successfully initialized new page object and opened url: https://demoqa.com/frames</msg>
<msg time="2024-08-08T23:36:04.317049" level="INFO">No context was open. New context was automatically opened when this page is created.</msg>
<arg>${URL}</arg>
<tag>BrowserControl</tag>
<tag>Setter</tag>
<doc>Open a new Page.</doc>
<status status="PASS" start="2024-08-08T23:35:52.891753" elapsed="11.425296"/>
</kw>
<kw name="Click" owner="Browser">
<msg time="2024-08-08T23:36:04.318558" level="INFO">Clicks the element '//iframe[@id='frame1'] &gt;&gt;&gt; //*[@id="sampleHeading"]'.</msg>
<arg>//iframe[@id='frame1'] &gt;&gt;&gt; //*[@id="sampleHeading"]</arg>
<tag>PageContent</tag>
<tag>Setter</tag>
<doc>Simulates mouse click on the element found by ``selector``.</doc>
<status status="PASS" start="2024-08-08T23:36:04.317049" elapsed="0.075605"/>
</kw>
<kw name="Get Text" owner="Browser">
<msg time="2024-08-08T23:36:04.423974" level="INFO">Text: 'This is a sample page'</msg>
<msg time="2024-08-08T23:36:04.423974" level="INFO">${xx} = This is a sample page</msg>
<var>${xx}</var>
<arg>//iframe[@id='frame1'] &gt;&gt;&gt; //*[@id="sampleHeading"]</arg>
<tag>Assertion</tag>
<tag>Getter</tag>
<tag>PageContent</tag>
<doc>Returns text attribute of the element found by ``selector``.</doc>
<status status="PASS" start="2024-08-08T23:36:04.392654" elapsed="0.031320"/>
</kw>
<kw name="Log" owner="BuiltIn">
<msg time="2024-08-08T23:36:04.424997" level="INFO">This is a sample page</msg>
<arg>${xx}</arg>
<doc>Logs the given message with the given level.</doc>
<status status="PASS" start="2024-08-08T23:36:04.423974" elapsed="0.001023"/>
</kw>
<status status="PASS" start="2024-08-08T23:35:52.556977" elapsed="11.868020"/>
</test>
<status status="PASS" start="2024-08-08T23:35:51.790821" elapsed="12.752062"/>
</suite>
<status status="PASS" start="2024-08-08T23:35:51.778315" elapsed="12.773649"/>
</suite>
<suite id="s1-s4" name="4 HandleAlerts" source="C:\Users\admin\Poject\4_HandleAlerts">
<suite id="s1-s4-s1" name="HandleAlerts" source="C:\Users\admin\Poject\4_HandleAlerts\HandleAlerts.robot">
<test id="s1-s4-s1-t1" name="HandleAlerts" line="9">
<kw name="New Browser" owner="Browser">
<msg time="2024-08-08T23:35:52.566486" level="INFO">{"browser": "chromium", "headless": false, "chromiumSandbox": false, "devtools": false, "handleSIGHUP": true, "handleSIGINT": true, "handleSIGTERM": true, "slowMo": 0.0, "timeout": 30000.0, "tracesDir": "C:\\Users\\admin\\Poject\\4_HandleAlerts\\pabot_results\\3\\browser\\traces\\ecc45499-4eda-41c2-bc77-b9bb48c12bed"}</msg>
<msg time="2024-08-08T23:35:52.801935" level="INFO">Successfully created browser with options: {"browser":"chromium","headless":false,"chromiumSandbox":false,"devtools":false,"handleSIGHUP":true,"handleSIGINT":true,"handleSIGTERM":true,"slowMo":0,"timeout":30000,"tracesDir":"C:\\Users\\admin\\Poject\\4_HandleAlerts\\pabot_results\\3\\browser\\traces\\ecc45499-4eda-41c2-bc77-b9bb48c12bed"}</msg>
<arg>headless=False</arg>
<tag>BrowserControl</tag>
<tag>Setter</tag>
<doc>Create a new playwright Browser with specified options.</doc>
<status status="PASS" start="2024-08-08T23:35:52.556977" elapsed="0.244958"/>
</kw>
<kw name="Set Browser Timeout" owner="Browser">
<msg time="2024-08-08T23:35:52.801935" level="INFO">No context open.</msg>
<arg>20s</arg>
<tag>Config</tag>
<tag>Setter</tag>
<doc>Sets the timeout used by most input and getter keywords.</doc>
<status status="PASS" start="2024-08-08T23:35:52.801935" elapsed="0.000000"/>
</kw>
<kw name="New Page" owner="Browser">
<msg time="2024-08-08T23:36:04.591516" level="INFO">Successfully initialized new page object and opened url: https://demoqa.com/alerts</msg>
<msg time="2024-08-08T23:36:04.591516" level="INFO">No context was open. New context was automatically opened when this page is created.</msg>
<arg>${URL}</arg>
<tag>BrowserControl</tag>
<tag>Setter</tag>
<doc>Open a new Page.</doc>
<status status="PASS" start="2024-08-08T23:35:52.801935" elapsed="11.789581"/>
</kw>
<kw name="Click" owner="Browser">
<msg time="2024-08-08T23:36:04.592518" level="INFO">Clicks the element '//button[@id='alertButton']'.</msg>
<arg>//button[@id='alertButton']</arg>
<tag>PageContent</tag>
<tag>Setter</tag>
<doc>Simulates mouse click on the element found by ``selector``.</doc>
<status status="PASS" start="2024-08-08T23:36:04.591516" elapsed="0.116178"/>
</kw>
<kw name="Log" owner="BuiltIn">
<msg time="2024-08-08T23:36:04.713294" level="INFO">clicked on get alert CTA</msg>
<arg>clicked on get alert CTA</arg>
<doc>Logs the given message with the given level.</doc>
<status status="PASS" start="2024-08-08T23:36:04.707694" elapsed="0.005600"/>
</kw>
<kw name="Handle Future Dialogs" owner="Browser">
<arg>action=accept</arg>
<tag>PageContent</tag>
<doc>Handle next dialog on page with ``action``.</doc>
<status status="PASS" start="2024-08-08T23:36:04.713294" elapsed="0.010087"/>
</kw>
<kw name="Log" owner="BuiltIn">
<msg time="2024-08-08T23:36:04.723766" level="INFO">alert accepted</msg>
<arg>alert accepted</arg>
<doc>Logs the given message with the given level.</doc>
<status status="PASS" start="2024-08-08T23:36:04.723381" elapsed="0.000385"/>
</kw>
<status status="PASS" start="2024-08-08T23:35:52.556977" elapsed="12.166789"/>
</test>
<status status="PASS" start="2024-08-08T23:35:51.794336" elapsed="13.062202"/>
</suite>
<status status="PASS" start="2024-08-08T23:35:51.794336" elapsed="13.072743"/>
</suite>
<doc>[https://pabot.org/?ref=log|Pabot] result from 4 executions.</doc>
<status status="FAIL" start="2024-08-08T23:35:51.746000" elapsed="147.893554"/>
</suite>
<statistics>
<total>
<stat pass="3" fail="1" skip="0">All Tests</stat>
</total>
<tag>
</tag>
<suite>
<stat pass="3" fail="1" skip="0" id="s1" name="Poject">Poject</stat>
<stat pass="0" fail="1" skip="0" id="s1-s1" name="1 OpenBrowser">Poject.1 OpenBrowser</stat>
<stat pass="0" fail="1" skip="0" id="s1-s1-s1" name="Openbrowser">Poject.1 OpenBrowser.Openbrowser</stat>
<stat pass="1" fail="0" skip="0" id="s1-s2" name="2 HandleWindow">Poject.2 HandleWindow</stat>
<stat pass="1" fail="0" skip="0" id="s1-s2-s1" name="HandleWindow">Poject.2 HandleWindow.HandleWindow</stat>
<stat pass="1" fail="0" skip="0" id="s1-s3" name="3 HandleFrame">Poject.3 HandleFrame</stat>
<stat pass="1" fail="0" skip="0" id="s1-s3-s1" name="HandleFrame">Poject.3 HandleFrame.HandleFrame</stat>
<stat pass="1" fail="0" skip="0" id="s1-s4" name="4 HandleAlerts">Poject.4 HandleAlerts</stat>
<stat pass="1" fail="0" skip="0" id="s1-s4-s1" name="HandleAlerts">Poject.4 HandleAlerts.HandleAlerts</stat>
</suite>
</statistics>
<errors>
<msg time="2024-08-08T23:38:19.655829" level="ERROR">Calling method '_end_test' of listener 'Browser' failed: ConnectionError: Playwright process has been terminated with code 3221225786</msg>
<msg time="2024-08-08T23:38:19.655829" level="ERROR">Calling method '_end_suite' of listener 'Browser' failed: ConnectionError: Playwright process has been terminated with code 3221225786</msg>
</errors>
</robot>
